[2014-09-30 18:59:38] START
[2014-09-30 19:02:24] CREATE db1.py: 0
[2014-09-30 19:03:57] EDIT indep_ajax/models/db1.py: 35
[2014-09-30 20:05:54] EDIT indep_ajax/models/db1.py: 0
[2014-09-30 20:14:56] EDIT indep_ajax/controllers/default.py: 0
[2014-09-30 20:15:56] EDIT indep_ajax/views/default/index.html: -26
[2014-09-30 20:16:47] EDIT indep_ajax/controllers/default.py: 0
[2014-09-30 20:18:14] CREATE default/get_members.html: 0
[2014-09-30 20:20:45] EDIT indep_ajax/controllers/default.py: -3
[2014-09-30 20:21:39] EDIT indep_ajax/controllers/default.py: 0
[2014-09-30 20:22:10] EDIT indep_ajax/controllers/default.py: 0
[2014-09-30 20:46:01] EDIT indep_ajax/models/db.py: 0
[2014-09-30 20:49:17] EDIT indep_ajax/models/db.py: 0
[2014-09-30 20:51:04] EDIT indep_ajax/models/db.py: 0
[2014-09-30 20:52:46] EDIT indep_ajax/models/db.py: 0
[2014-09-30 21:29:53] EDIT indep_ajax/controllers/default.py: 0
[2014-09-30 21:30:46] EDIT indep_ajax/views/default/index.html: 10
[2014-09-30 21:31:31] EDIT indep_ajax/controllers/default.py: 0
[2014-09-30 21:32:22] EDIT indep_ajax/controllers/default.py: 0
[2014-09-30 21:32:27] EDIT indep_ajax/views/default/index.html: 0
[2014-09-30 21:35:59] EDIT indep_ajax/views/default/index.html: 0
[2014-09-30 21:37:49] DELETE indep_ajax/views/default/index.html: -16
[2014-09-30 21:40:19] EDIT indep_ajax/controllers/default.py: 0
[2014-09-30 21:40:26] EDIT indep_ajax/controllers/default.py: 0
[2014-09-30 21:42:15] EDIT indep_ajax/views/default/get_members.html: 0
[2014-09-30 21:42:57] EDIT indep_ajax/views/default/get_members.html: 0
[2014-09-30 21:45:20] EDIT indep_ajax/views/generic.html: 3
[2014-09-30 21:46:34] EDIT indep_ajax/controllers/default.py: 0
[2014-09-30 21:47:12] EDIT indep_ajax/controllers/default.py: 0
[2014-09-30 21:47:47] EDIT indep_ajax/controllers/default.py: 0
[2014-09-30 21:48:22] CREATE default/index.html: 0
[2014-09-30 21:48:37] EDIT indep_ajax/views/default/index.html: 0
[2014-09-30 21:49:48] EDIT indep_ajax/views/default/index.html: 13
[2014-09-30 22:31:37] EDIT indep_ajax/controllers/default.py: 2
[2014-09-30 22:32:00] CREATE default/edit_case.html: 0
[2014-09-30 22:33:32] EDIT indep_ajax/views/default/edit_case.html: 1
[2014-09-30 22:34:22] EDIT indep_ajax/controllers/default.py: 16
[2014-09-30 22:37:55] EDIT indep_ajax/controllers/default.py: 17
[2014-09-30 22:39:28] CREATE default/show_ajax.html: 0
[2014-09-30 22:40:24] EDIT indep_ajax/views/default/show_ajax.html: 33
[2014-09-30 22:42:08] EDIT indep_ajax/controllers/default.py: 4
[2014-09-30 22:44:22] EDIT indep_ajax/views/default/show_ajax.html: 0
[2014-09-30 22:51:03] EDIT indep_ajax/controllers/default.py: 0
[2014-09-30 22:53:20] EDIT indep_ajax/controllers/default.py: 2
[2014-09-30 22:54:45] EDIT indep_ajax/controllers/default.py: 1
[2014-09-30 22:56:32] EDIT indep_ajax/controllers/default.py: 0
[2014-09-30 22:58:06] EDIT indep_ajax/controllers/default.py: 0
[2014-09-30 22:58:59] EDIT indep_ajax/controllers/default.py: 0
[2014-09-30 22:59:48] EDIT indep_ajax/controllers/default.py: -2
[2014-09-30 23:05:59] EDIT indep_ajax/models/menu.py: -2
[2014-09-30 23:09:20] EDIT indep_ajax/views/layout.html: 0
[2014-10-01 14:59:39] EDIT indep_ajax/views/default/index.html: 0
[2014-10-01 15:00:25] EDIT indep_ajax/views/default/index.html: 0
[2014-10-01 15:07:07] EDIT indep_ajax/controllers/default.py: 0
[2014-10-01 15:37:52] EDIT indep_ajax/controllers/default.py: 1
[2014-10-01 15:40:36] EDIT indep_ajax/controllers/default.py: 6
[2014-10-01 15:41:16] EDIT indep_ajax/controllers/default.py: 1
[2014-10-01 15:42:01] EDIT indep_ajax/controllers/default.py: 0
[2014-10-01 15:45:57] EDIT indep_ajax/views/default/edit_case.html: 1
[2014-10-01 15:49:55] EDIT indep_ajax/controllers/default.py: 2
[2014-10-01 15:50:45] EDIT indep_ajax/views/default/edit_case.html: 0
[2014-10-01 15:51:23] EDIT indep_ajax/views/default/edit_case.html: 0
[2014-10-01 15:52:44] EDIT indep_ajax/views/default/edit_case.html: 0
[2014-10-01 15:53:43] EDIT indep_ajax/views/default/edit_case.html: -1
[2014-10-01 15:57:29] EDIT indep_ajax/controllers/default.py: 1
[2014-10-01 16:30:48] EDIT indep_ajax/controllers/default.py: 2
[2014-10-01 16:32:16] EDIT indep_ajax/controllers/default.py: 0
[2014-10-01 16:34:15] EDIT indep_ajax/controllers/default.py: 0
[2014-10-01 16:34:27] EDIT indep_ajax/controllers/default.py: 0
[2014-10-01 16:36:47] EDIT indep_ajax/views/default/edit_case.html: 3
[2014-10-01 16:38:57] EDIT indep_ajax/views/default/edit_case.html: 0
[2014-10-01 16:39:33] EDIT indep_ajax/views/default/edit_case.html: 0
[2014-10-01 16:40:14] EDIT indep_ajax/views/default/edit_case.html: 0
[2014-10-01 16:40:39] EDIT indep_ajax/views/default/edit_case.html: 0
[2014-10-01 16:42:01] EDIT indep_ajax/views/default/edit_case.html: 0
[2014-10-01 16:43:11] EDIT indep_ajax/views/default/edit_case.html: 0
[2014-10-01 17:54:07] CREATE default/edit_action.html: 0
[2014-10-01 17:54:35] EDIT indep_ajax/views/default/edit_action.html: 0
[2014-10-01 17:55:26] EDIT indep_ajax/controllers/default.py: 0
[2014-10-01 17:55:37] EDIT indep_ajax/views/default/edit_action.html: 0
[2014-10-01 17:57:44] EDIT indep_ajax/controllers/default.py: 3
[2014-10-01 18:04:58] EDIT indep_ajax/controllers/default.py: 7
[2014-10-01 18:05:50] EDIT indep_ajax/controllers/default.py: 0
[2014-10-01 18:06:20] EDIT indep_ajax/views/default/edit_action.html: 0
[2014-10-01 18:09:20] EDIT indep_ajax/views/default/edit_case.html: 0
[2014-10-01 18:14:13] EDIT indep_ajax/views/default/edit_case.html: 2
[2014-10-01 18:15:21] EDIT indep_ajax/views/default/edit_case.html: 0
[2014-10-01 18:16:45] EDIT indep_ajax/views/default/edit_case.html: 4
[2014-10-01 18:25:15] EDIT indep_ajax/views/default/edit_case.html: 1
[2014-10-01 18:25:32] EDIT indep_ajax/views/default/edit_case.html: 0
[2014-10-01 18:25:45] EDIT indep_ajax/views/default/edit_case.html: 0
[2014-10-01 18:32:41] EDIT indep_ajax/views/default/edit_case.html: 0
[2014-10-01 18:33:33] EDIT indep_ajax/views/default/edit_case.html: 0
[2014-10-01 18:34:10] EDIT indep_ajax/views/default/edit_case.html: 0
[2014-10-01 18:35:20] EDIT indep_ajax/views/default/edit_case.html: 0
[2014-10-01 19:41:48] EDIT indep_ajax/controllers/default.py: 1
[2014-10-01 19:45:28] EDIT indep_ajax/controllers/default.py: 0
[2014-10-01 19:50:11] EDIT indep_ajax/views/default/edit_case.html: 0
[2014-10-01 19:50:27] EDIT indep_ajax/controllers/default.py: 1
[2014-10-01 19:52:36] EDIT indep_ajax/views/default/edit_action.html: 0
[2014-10-01 19:52:39] EDIT indep_ajax/views/default/edit_case.html: 0
[2014-10-01 19:54:25] EDIT indep_ajax/controllers/default.py: 0
[2014-10-01 19:54:31] EDIT indep_ajax/views/default/edit_case.html: 0
[2014-10-01 19:54:33] EDIT indep_ajax/views/default/edit_action.html: 0
[2014-10-01 19:55:18] EDIT indep_ajax/views/default/edit_case.html: 0
[2014-10-01 19:57:52] EDIT indep_ajax/controllers/default.py: 0
[2014-10-01 19:59:52] EDIT indep_ajax/views/default/edit_case.html: 1
[2014-10-01 20:00:38] EDIT indep_ajax/views/default/edit_case.html: 0
[2014-10-01 20:01:45] EDIT indep_ajax/views/default/edit_case.html: 0
[2014-10-01 20:04:38] EDIT indep_ajax/views/default/edit_case.html: 0
[2014-10-01 20:05:39] EDIT indep_ajax/views/default/edit_case.html: 0
[2014-10-01 20:06:15] EDIT indep_ajax/views/default/edit_case.html: 0
[2014-10-01 20:07:16] EDIT indep_ajax/views/default/edit_case.html: 0
[2014-10-01 20:08:36] EDIT indep_ajax/views/default/edit_case.html: 0
[2014-10-01 20:09:21] EDIT indep_ajax/views/default/edit_case.html: 0
[2014-10-01 20:10:06] EDIT indep_ajax/views/default/edit_case.html: 0
[2014-10-01 20:11:40] EDIT indep_ajax/controllers/default.py: 1
[2014-10-01 20:12:00] EDIT indep_ajax/views/default/edit_case.html: 0
[2014-10-01 20:12:07] EDIT indep_ajax/controllers/default.py: 0
[2014-10-01 20:13:46] EDIT indep_ajax/controllers/default.py: 0
[2014-10-01 20:14:08] EDIT indep_ajax/controllers/default.py: 0
[2014-10-01 20:14:48] EDIT indep_ajax/controllers/default.py: 0
[2014-10-01 20:15:39] EDIT indep_ajax/views/default/edit_case.html: 0
[2014-10-01 20:18:58] EDIT indep_ajax/controllers/default.py: 0
[2014-10-01 20:21:14] EDIT indep_ajax/views/default/edit_case.html: 1
[2014-10-01 20:22:14] EDIT indep_ajax/controllers/default.py: 1
[2014-10-01 20:22:28] EDIT indep_ajax/views/default/edit_case.html: 0
[2014-10-01 20:23:59] EDIT indep_ajax/views/default/edit_case.html: 0
[2014-10-01 20:37:26] EDIT indep_ajax/controllers/default.py: 3
[2014-10-01 20:41:56] EDIT indep_ajax/controllers/default.py: 0
[2014-10-01 20:56:16] EDIT indep_ajax/controllers/default.py: 3
[2014-10-01 20:58:35] EDIT indep_ajax/controllers/default.py: 1
